\BOOKMARK [0][-]{chapter.1}{\376\377\004\037\004\100\004\076\004\103\004\107\004\062\004\060\004\075\004\065}{}% 1
\BOOKMARK [1][-]{section.1.1}{\376\377\004\042\004\065\004\100\004\074\004\070\004\075\004\060\004\073\004\070}{chapter.1}% 2
\BOOKMARK [2][-]{subsection.1.1.1}{\376\377\004\042\004\065\004\073\004\065\004\102\004\060\004\071\004\077\000\040\004\102\004\065\004\100\004\074\004\070\004\075\004\060\004\073\000\040\000-\000\040\000T\000T\000Y}{section.1.1}% 3
\BOOKMARK [2][-]{subsection.1.1.2}{\376\377\004\037\004\101\004\065\004\062\004\064\004\076\004\102\004\065\004\073\004\065\004\102\004\060\004\071\004\077\000\040\004\102\004\065\004\100\004\074\004\070\004\075\004\060\004\073\000\040\000-\000\040\000P\000T\000Y}{section.1.1}% 4
\BOOKMARK [2][-]{subsection.1.1.3}{\376\377\004\042\004\065\004\100\004\074\004\070\004\075\004\060\004\073\004\065\004\075\000\040\004\065\004\074\004\103\004\073\004\060\004\102\004\076\004\100}{section.1.1}% 5
\BOOKMARK [1][-]{section.1.2}{\376\377\004\032\004\076\004\075\004\102\004\100\004\076\004\073\004\075\004\070\000\040\004\101\004\070\004\074\004\062\004\076\004\073\004\070}{chapter.1}% 6
\BOOKMARK [2][-]{subsection.1.2.1}{\376\377\000A\000N\000S\000I\000\040\004\072\004\076\004\075\004\102\004\100\004\076\004\073\004\075\004\060\000\040\004\077\004\076\004\101\004\073\004\065\004\064\004\076\004\062\004\060\004\102\004\065\004\073\004\075\004\076\004\101\004\102}{section.1.2}% 7
\BOOKMARK [1][-]{section.1.3}{\376\377\004\037\004\100\004\065\004\063\004\073\004\065\004\064\000\040\004\075\004\060\000\040\004\101\004\112\004\111\004\065\004\101\004\102\004\062\004\103\004\062\004\060\004\111\004\070\000\040\000T\000U\000I\000\040\004\061\004\070\004\061\004\073\004\070\004\076\004\102\004\065\004\072\004\070}{chapter.1}% 8
\BOOKMARK [2][-]{subsection.1.3.1}{\376\377\000n\000c\000u\000r\000s\000e\000s}{section.1.3}% 9
\BOOKMARK [2][-]{subsection.1.3.2}{\376\377\000T\000e\000x\000t\000u\000a\000l}{section.1.3}% 10
\BOOKMARK [0][-]{chapter.2}{\376\377\004\037\004\100\004\076\004\065\004\072\004\102\004\070\004\100\004\060\004\075\004\065\000\040\004\075\004\060\000\040\004\061\004\070\004\061\004\073\004\070\004\076\004\102\004\065\004\072\004\060\000\040\004\067\004\060\000\040\004\101\004\112\004\067\004\064\004\060\004\062\004\060\004\075\004\065\000\040\004\075\004\060\000\040\004\102\004\065\004\072\004\101\004\102\004\076\004\062\000\040\004\077\004\076\004\102\004\100\004\065\004\061\004\070\004\102\004\065\004\073\004\101\004\072\004\070\000\040\004\070\004\075\004\102\004\065\004\100\004\104\004\065\004\071\004\101}{}% 11
\BOOKMARK [1][-]{section.2.1}{\376\377\004\044\004\103\004\075\004\072\004\106\004\070\004\076\004\075\004\060\004\073\004\075\004\070\000\040\004\070\004\067\004\070\004\101\004\072\004\062\004\060\004\075\004\070\004\117}{chapter.2}% 12
\BOOKMARK [1][-]{section.2.2}{\376\377\004\037\004\076\004\064\004\061\004\076\004\100\000\040\004\075\004\060\000\040\004\101\004\100\004\065\004\064\004\101\004\102\004\062\004\060\000\040\004\067\004\060\000\040\004\100\004\060\004\067\004\100\004\060\004\061\004\076\004\102\004\072\004\060}{chapter.2}% 13
\BOOKMARK [2][-]{subsection.2.2.1}{\376\377\004\037\004\100\004\076\004\063\004\100\004\060\004\074\004\065\004\075\000\040\004\065\004\067\004\070\004\072}{section.2.2}% 14
\BOOKMARK [2][-]{subsection.2.2.2}{\376\377\004\041\004\102\004\060\004\102\004\070\004\107\004\065\004\075\000\040\004\060\004\075\004\060\004\073\004\070\004\067\004\060\004\102\004\076\004\100}{section.2.2}% 15
\BOOKMARK [2][-]{subsection.2.2.3}{\376\377\004\032\004\076\004\074\004\077\004\076\004\075\004\065\004\075\004\102\004\075\004\076\000\040\004\102\004\065\004\101\004\102\004\076\004\062\004\065}{section.2.2}% 16
\BOOKMARK [2][-]{subsection.2.2.4}{\376\377\004\041\004\070\004\101\004\102\004\065\004\074\004\060\000\040\004\067\004\060\000\040\004\103\004\077\004\100\004\060\004\062\004\073\004\065\004\075\004\070\004\065\000\040\004\075\004\060\000\040\004\062\004\065\004\100\004\101\004\070\004\070\004\102\004\065}{section.2.2}% 17
\BOOKMARK [2][-]{subsection.2.2.5}{\376\377\004\035\004\065\004\077\004\100\004\065\004\072\004\112\004\101\004\075\004\060\004\102\004\060\000\040\004\070\004\075\004\102\004\065\004\100\004\063\004\100\004\060\004\106\004\070\004\117}{section.2.2}% 18
\BOOKMARK [2][-]{subsection.2.2.6}{\376\377\004\041\004\100\004\065\004\064\004\060\000\040\004\067\004\060\000\040\004\100\004\060\004\067\004\100\004\060\004\061\004\076\004\102\004\072\004\060}{section.2.2}% 19
\BOOKMARK [0][-]{chapter.3}{\376\377\004\040\004\065\004\060\004\073\004\070\004\067\004\060\004\106\004\070\004\117\000\040\004\075\004\060\000\040\004\061\004\070\004\061\004\073\004\070\004\076\004\102\004\065\004\072\004\060\000\040\004\067\004\060\000\040\004\101\004\112\004\067\004\064\004\060\004\062\004\060\004\075\004\065\000\040\004\075\004\060\000\040\004\102\004\065\004\072\004\101\004\102\004\076\004\062\000\040\004\077\004\076\004\102\004\100\004\065\004\061\004\070\004\102\004\065\004\073\004\101\004\072\004\070}{}% 20
\BOOKMARK [1][-]{section.3.1}{\376\377\004\041\004\102\004\100\004\103\004\072\004\102\004\103\004\100\004\060\000\040\004\075\004\060\000\040\004\077\004\100\004\076\004\065\004\072\004\102\004\060}{chapter.3}% 21
\BOOKMARK [1][-]{section.3.2}{\376\377\004\044\004\060\004\071\004\073\004\076\004\062\004\065\000\040\004\101\000\040\004\076\004\061\004\111\004\076\000\040\004\077\004\100\004\065\004\064\004\075\004\060\004\067\004\075\004\060\004\107\004\065\004\075\004\070\004\065}{chapter.3}% 22
\BOOKMARK [1][-]{section.3.3}{\376\377\004\031\004\065\004\100\004\060\004\100\004\105\004\070\004\117\000\040\004\075\004\060\000\040\004\072\004\076\004\074\004\077\004\076\004\075\004\065\004\075\004\102\004\070}{chapter.3}% 23
\BOOKMARK [1][-]{section.3.4}{\376\377\004\022\004\112\004\102\004\100\004\065\004\110\004\075\004\076\000\040\004\077\004\100\004\065\004\064\004\101\004\102\004\060\004\062\004\117\004\075\004\065\000\040\004\075\004\060\000\040\004\072\004\076\004\074\004\077\004\076\004\075\004\065\004\075\004\102}{chapter.3}% 24
\BOOKMARK [1][-]{section.3.5}{\376\377\004\022\004\070\004\064\004\076\004\062\004\065\000\040\004\072\004\076\004\074\004\077\004\076\004\075\004\065\004\075\004\102\004\070}{chapter.3}% 25
\BOOKMARK [1][-]{section.3.6}{\376\377\004\032\004\076\004\074\004\077\004\076\004\067\004\070\004\102\004\076\004\100}{chapter.3}% 26
\BOOKMARK [1][-]{section.3.7}{\376\377\004\022\004\070\004\067\004\103\004\060\004\073\004\070\004\067\004\060\004\106\004\070\004\117\000\040\004\075\004\060\000\040\004\077\004\100\004\070\004\073\004\076\004\066\004\065\004\075\004\070\004\065}{chapter.3}% 27
\BOOKMARK [1][-]{section.3.8}{\376\377\004\037\004\065\004\100\004\101\004\076\004\075\004\060\004\073\004\070\004\067\004\070\004\100\004\060\004\075\004\065\000\040\004\075\004\060\000\040\004\072\004\076\004\074\004\077\004\076\004\075\004\065\004\075\004\102\004\070}{chapter.3}% 28
\BOOKMARK [1][-]{section.3.9}{\376\377\004\030\004\067\004\064\004\060\004\062\004\060\004\075\004\065\000\040\004\070\000\040\004\076\004\061\004\100\004\060\004\061\004\076\004\102\004\072\004\060\000\040\004\075\004\060\000\040\004\101\004\112\004\061\004\070\004\102\004\070\004\117}{chapter.3}% 29
\BOOKMARK [1][-]{section.3.10}{\376\377\004\020\004\061\004\076\004\075\004\070\004\100\004\060\004\075\004\065\000\040\004\067\004\060\000\040\004\101\004\112\004\061\004\070\004\102\004\070\004\117}{chapter.3}% 30
\BOOKMARK [0][-]{chapter.4}{\376\377\004\040\004\112\004\072\004\076\004\062\004\076\004\064\004\101\004\102\004\062\004\076\000\040\004\067\004\060\000\040\004\077\004\076\004\102\004\100\004\065\004\061\004\070\004\102\004\065\004\073\004\117}{}% 31
\BOOKMARK [1][-]{section.4.1}{\376\377\004\030\004\075\004\101\004\102\004\060\004\073\004\070\004\100\004\060\004\075\004\065\000\040\004\075\004\060\000\040\004\061\004\070\004\061\004\073\004\070\004\076\004\102\004\065\004\072\004\060\004\102\004\060}{chapter.4}% 32
\BOOKMARK [2][-]{subsection.4.1.1}{\376\377\004\041\004\064\004\076\004\061\004\070\004\062\004\060\004\075\004\065\000\040\004\101\000\040\004\072\004\076\004\064\004\060\000\040\004\075\004\060\000\040\004\061\004\070\004\061\004\073\004\070\004\076\004\102\004\065\004\072\004\060\004\102\004\060}{section.4.1}% 33
\BOOKMARK [2][-]{subsection.4.1.2}{\376\377\004\030\004\075\004\101\004\102\004\060\004\073\004\070\004\100\004\060\004\075\004\065\000\040\004\075\004\060\000\040\004\061\004\070\004\061\004\073\004\070\004\076\004\102\004\065\004\072\004\060\004\102\004\060}{section.4.1}% 34
\BOOKMARK [1][-]{section.4.2}{\376\377\004\040\004\112\004\072\004\076\004\062\004\076\004\064\004\101\004\102\004\062\004\076\000\040\004\067\004\060\000\040\004\076\004\061\004\103\004\107\004\065\004\075\004\070\004\065}{chapter.4}% 35
\BOOKMARK [2][-]{subsection.4.2.1}{\376\377\000H\000e\000l\000l\000o\000\040\000W\000o\000r\000l\000d\000!}{section.4.2}% 36
\BOOKMARK [0][-]{chapter.5}{\376\377\004\027\004\060\004\072\004\073\004\116\004\107\004\065\004\075\004\070\004\065}{}% 37
